ts=2026-01-08T23:58:13.105Z caller=node_exporter.go:192 level=info msg="Starting node_exporter" version="(version=1.7.0, branch=HEAD, revision=7333465abf9efba81876303bb57e6fadb946041b)"
ts=2026-01-08T23:58:13.106Z caller=node_exporter.go:193 level=info msg="Build context" build_context="(go=go1.21.4, platform=linux/amd64, user=root@35918982f6d8, date=20231112-23:53:35, tags=netgo osusergo static_build)"
ts=2026-01-08T23:58:13.108Z caller=filesystem_common.go:111 level=info collector=filesystem msg="Parsed flag --collector.filesystem.mount-points-exclude" flag=^/(dev|proc|run/credentials/.+|sys|var/lib/docker/.+|var/lib/containers/storage/.+)($|/)
ts=2026-01-08T23:58:13.108Z caller=filesystem_common.go:113 level=info collector=filesystem msg="Parsed flag --collector.filesystem.fs-types-exclude" flag=^(autofs|binfmt_misc|bpf|cgroup2?|configfs|debugfs|devpts|devtmpfs|fusectl|hugetlbfs|iso9660|mqueue|nsfs|overlay|proc|procfs|pstore|rpc_pipefs|securityfs|selinuxfs|squashfs|sysfs|tracefs)$
ts=2026-01-08T23:58:13.109Z caller=diskstats_common.go:111 level=info collector=diskstats msg="Parsed flag --collector.diskstats.device-exclude" flag=^(ram|loop|fd|(h|s|v|xv)d[a-z]|nvme\d+n\d+p)\d+$
ts=2026-01-08T23:58:13.115Z caller=node_exporter.go:110 level=info msg="Enabled collectors"
ts=2026-01-08T23:58:13.115Z caller=node_exporter.go:117 level=info collector=arp
ts=2026-01-08T23:58:13.115Z caller=node_exporter.go:117 level=info collector=bcache
ts=2026-01-08T23:58:13.115Z caller=node_exporter.go:117 level=info collector=bonding
ts=2026-01-08T23:58:13.115Z caller=node_exporter.go:117 level=info collector=btrfs
ts=2026-01-08T23:58:13.115Z caller=node_exporter.go:117 level=info collector=conntrack
ts=2026-01-08T23:58:13.115Z caller=node_exporter.go:117 level=info collector=cpu
ts=2026-01-08T23:58:13.115Z caller=node_exporter.go:117 level=info collector=cpufreq
ts=2026-01-08T23:58:13.115Z caller=node_exporter.go:117 level=info collector=diskstats
ts=2026-01-08T23:58:13.115Z caller=node_exporter.go:117 level=info collector=dmi
ts=2026-01-08T23:58:13.115Z caller=node_exporter.go:117 level=info collector=edac
ts=2026-01-08T23:58:13.115Z caller=node_exporter.go:117 level=info collector=entropy
ts=2026-01-08T23:58:13.115Z caller=node_exporter.go:117 level=info collector=fibrechannel
ts=2026-01-08T23:58:13.115Z caller=node_exporter.go:117 level=info collector=filefd
ts=2026-01-08T23:58:13.115Z caller=node_exporter.go:117 level=info collector=filesystem
ts=2026-01-08T23:58:13.115Z caller=node_exporter.go:117 level=info collector=hwmon
ts=2026-01-08T23:58:13.115Z caller=node_exporter.go:117 level=info collector=infiniband
ts=2026-01-08T23:58:13.115Z caller=node_exporter.go:117 level=info collector=ipvs
ts=2026-01-08T23:58:13.115Z caller=node_exporter.go:117 level=info collector=loadavg
ts=2026-01-08T23:58:13.115Z caller=node_exporter.go:117 level=info collector=mdadm
ts=2026-01-08T23:58:13.115Z caller=node_exporter.go:117 level=info collector=meminfo
ts=2026-01-08T23:58:13.115Z caller=node_exporter.go:117 level=info collector=netclass
ts=2026-01-08T23:58:13.115Z caller=node_exporter.go:117 level=info collector=netdev
ts=2026-01-08T23:58:13.115Z caller=node_exporter.go:117 level=info collector=netstat
ts=2026-01-08T23:58:13.115Z caller=node_exporter.go:117 level=info collector=nfs
ts=2026-01-08T23:58:13.115Z caller=node_exporter.go:117 level=info collector=nfsd
ts=2026-01-08T23:58:13.115Z caller=node_exporter.go:117 level=info collector=nvme
ts=2026-01-08T23:58:13.115Z caller=node_exporter.go:117 level=info collector=os
ts=2026-01-08T23:58:13.115Z caller=node_exporter.go:117 level=info collector=powersupplyclass
ts=2026-01-08T23:58:13.115Z caller=node_exporter.go:117 level=info collector=pressure
ts=2026-01-08T23:58:13.115Z caller=node_exporter.go:117 level=info collector=rapl
ts=2026-01-08T23:58:13.115Z caller=node_exporter.go:117 level=info collector=schedstat
ts=2026-01-08T23:58:13.115Z caller=node_exporter.go:117 level=info collector=selinux
ts=2026-01-08T23:58:13.115Z caller=node_exporter.go:117 level=info collector=sockstat
ts=2026-01-08T23:58:13.115Z caller=node_exporter.go:117 level=info collector=softnet
ts=2026-01-08T23:58:13.115Z caller=node_exporter.go:117 level=info collector=stat
ts=2026-01-08T23:58:13.115Z caller=node_exporter.go:117 level=info collector=tapestats
ts=2026-01-08T23:58:13.115Z caller=node_exporter.go:117 level=info collector=textfile
ts=2026-01-08T23:58:13.115Z caller=node_exporter.go:117 level=info collector=thermal_zone
ts=2026-01-08T23:58:13.115Z caller=node_exporter.go:117 level=info collector=time
ts=2026-01-08T23:58:13.115Z caller=node_exporter.go:117 level=info collector=timex
ts=2026-01-08T23:58:13.115Z caller=node_exporter.go:117 level=info collector=udp_queues
ts=2026-01-08T23:58:13.115Z caller=node_exporter.go:117 level=info collector=uname
ts=2026-01-08T23:58:13.115Z caller=node_exporter.go:117 level=info collector=vmstat
ts=2026-01-08T23:58:13.115Z caller=node_exporter.go:117 level=info collector=xfs
ts=2026-01-08T23:58:13.115Z caller=node_exporter.go:117 level=info collector=zfs
ts=2026-01-08T23:58:13.119Z caller=node_exporter.go:223 level=error err="listen tcp 0.0.0.0:9100: bind: address already in use"
